<?xml version="1.0" encoding="UTF-8" ?>
<testsuite tests="2" failures="0" name="com.junit.exam01.DecoExamTest" time="0.003" errors="0" skipped="0">
  <properties>
    <property name="java.runtime.name" value="Java(TM) SE Runtime Environment"/>
    <property name="sun.boot.library.path" value="C:\Java\jdk1.8.0_144\jre\bin"/>
    <property name="java.vm.version" value="25.144-b01"/>
    <property name="java.vm.vendor" value="Oracle Corporation"/>
    <property name="maven.multiModuleProjectDirectory" value="D:\eclipse_workspace_java\JunitTest02"/>
    <property name="java.vendor.url" value="http://java.oracle.com/"/>
    <property name="path.separator" value=";"/>
    <property name="guice.disable.misplaced.annotation.check" value="true"/>
    <property name="java.vm.name" value="Java HotSpot(TM) 64-Bit Server VM"/>
    <property name="file.encoding.pkg" value="sun.io"/>
    <property name="user.script" value=""/>
    <property name="user.country" value="CN"/>
    <property name="sun.java.launcher" value="SUN_STANDARD"/>
    <property name="sun.os.patch.level" value=""/>
    <property name="java.vm.specification.name" value="Java Virtual Machine Specification"/>
    <property name="user.dir" value="D:\eclipse_workspace_java\JunitTest02"/>
    <property name="java.runtime.version" value="1.8.0_144-b01"/>
    <property name="java.awt.graphicsenv" value="sun.awt.Win32GraphicsEnvironment"/>
    <property name="java.endorsed.dirs" value="C:\Java\jdk1.8.0_144\jre\lib\endorsed"/>
    <property name="os.arch" value="amd64"/>
    <property name="java.io.tmpdir" value="C:\Users\Think\AppData\Local\Temp\"/>
    <property name="line.separator" value="
"/>
    <property name="java.vm.specification.vendor" value="Oracle Corporation"/>
    <property name="user.variant" value=""/>
    <property name="os.name" value="Windows 10"/>
    <property name="classworlds.conf" value="D:\eclipse_workspace_java\.metadata\.plugins\org.eclipse.m2e.launching\launches\m2conf99479669046076504.tmp"/>
    <property name="sun.jnu.encoding" value="GBK"/>
    <property name="java.library.path" value="C:\Java\jdk1.8.0_144\jre\bin;C:\WINDOWS\Sun\Java\bin;C:\WINDOWS\system32;C:\WINDOWS;C:/Java8_32/jre1.8.0_144/bin/client;C:/Java8_32/jre1.8.0_144/bin;C:/Java8_32/jre1.8.0_144/lib/i386;C:\Program Files (x86)\Java\jdk1.8.0_144\bin;C:\Program Files (x86)\Java\jdk1.8.0_144\jre\bin;C:\Program Files (x86)\Intel\iCLS Client\;C:\Python36\Scripts\;C:\Python36\;C:\Program Files (x86)\Common Files\NetSarang;C:\Program Files\HPE\NV\lib\shunra\vcat;C:\ProgramData\Oracle\Java\javapath;C:\WINDOWS\system32;C:\WINDOWS;C:\WINDOWS\System32\Wbem;C:\WINDOWS\System32\WindowsPowerShell\v1.0\;C:\Program Files\Intel\iCLS Client\;C:\Windows\system32;C:\Windows;C:\Windows\System32\Wbem;C:\Windows\System32\WindowsPowerShell\v1.0\;C:\Program Files (x86)\NVIDIA Corporation\PhysX\Common;D:\Tools\MinGW\bin;C:\Python27\Scripts;C:\Python27;C:\Users\Think\AppData\Local\Microsoft\WindowsApps;C:\Users\Think\AppData\Local\Programs\Fiddler;C:\Python33;C:\Python33\Scripts;C:\Tools\ADT\adt-bundle-windows-x86-20140702\platform-tools;C:\Tools\ADT\adt-bundle-windows-x86-20140702\tools;C:\Program Files\nodejs\;C:\Program Files\Git\cmd;C:\Program Files (x86)\HPE\LoadRunner\strawberry-perl\perl\bin;C:\Program Files\erl9.2\bin;C:\apache-jmeter-3.3\bin;C:\Program Files\Intel\WiFi\bin\;C:\Program Files\Common Files\Intel\WirelessCommon\;C:\Program Files (x86)\Intel\Intel(R) Management Engine Components\DAL;C:\Program Files\Intel\Intel(R) Management Engine Components\DAL;C:\Program Files (x86)\Intel\Intel(R) Management Engine Components\IPT;C:\Program Files\Intel\Intel(R) Management Engine Components\IPT;C:\Program Files\TortoiseSVN\bin;C:\Java\jdk1.8.0_144\bin;C:\Java\jdk1.8.0_144\jre\bin;C:\Python36\Scripts\;C:\Python36\;C:\Users\Think\AppData\Local\Programs\Python\Python36\Scripts\;C:\Users\Think\AppData\Local\Programs\Python\Python36\;C:\Python33\Scripts\;C:\Python33\;C:\Users\Think\AppData\Local\Microsoft\WindowsApps;C:\Users\Think\AppData\Local\Programs\Fiddler;C:\Tools\ADT\adt-bundle-windows-x86-20140702\sdk\platform-tools;C:\Tools\ADT\adt-bundle-windows-x86-20140702\sdk\tools;C:\Python27\Scripts;C:\Python27;C:\Users\Think\AppData\Roaming\npm;C:\Program Files\nodejs;D:\Tools\MinGW\bin;C:\Users\Think\AppData\Local\GitHubDesktop\bin;C:\Users\Think\AppData\Local\Microsoft\WindowsApps;C:\Program Files\erl9.2\bin;C:\apache-jmeter-3.3\bin;;C:\Tools\eclipse_java;;."/>
    <property name="java.specification.name" value="Java Platform API Specification"/>
    <property name="java.class.version" value="52.0"/>
    <property name="sun.management.compiler" value="HotSpot 64-Bit Tiered Compilers"/>
    <property name="os.version" value="10.0"/>
    <property name="user.home" value="C:\Users\Think"/>
    <property name="user.timezone" value="Asia/Shanghai"/>
    <property name="java.awt.printerjob" value="sun.awt.windows.WPrinterJob"/>
    <property name="java.specification.version" value="1.8"/>
    <property name="file.encoding" value="UTF-8"/>
    <property name="user.name" value="Think"/>
    <property name="java.class.path" value="C:\Tools\eclipse_java\plugins\org.eclipse.m2e.maven.runtime_1.8.2.20171007-0216\jars\plexus-classworlds-2.5.2.jar"/>
    <property name="java.vm.specification.version" value="1.8"/>
    <property name="sun.arch.data.model" value="64"/>
    <property name="java.home" value="C:\Java\jdk1.8.0_144\jre"/>
    <property name="sun.java.command" value="org.codehaus.plexus.classworlds.launcher.Launcher -B -gs C:\Program Files\apache-maven-3.5.3\conf\settings.xml -s C:\Program Files\apache-maven-3.5.3\conf\settings.xml install"/>
    <property name="java.specification.vendor" value="Oracle Corporation"/>
    <property name="user.language" value="zh"/>
    <property name="awt.toolkit" value="sun.awt.windows.WToolkit"/>
    <property name="java.vm.info" value="mixed mode"/>
    <property name="java.version" value="1.8.0_144"/>
    <property name="java.ext.dirs" value="C:\Java\jdk1.8.0_144\jre\lib\ext;C:\WINDOWS\Sun\Java\lib\ext"/>
    <property name="sun.boot.class.path" value="C:\Java\jdk1.8.0_144\jre\lib\resources.jar;C:\Java\jdk1.8.0_144\jre\lib\rt.jar;C:\Java\jdk1.8.0_144\jre\lib\sunrsasign.jar;C:\Java\jdk1.8.0_144\jre\lib\jsse.jar;C:\Java\jdk1.8.0_144\jre\lib\jce.jar;C:\Java\jdk1.8.0_144\jre\lib\charsets.jar;C:\Java\jdk1.8.0_144\jre\lib\jfr.jar;C:\Java\jdk1.8.0_144\jre\classes"/>
    <property name="java.vendor" value="Oracle Corporation"/>
    <property name="maven.home" value="D:\eclipse_workspace_java\JunitTest02\EMBEDDED"/>
    <property name="file.separator" value="\"/>
    <property name="java.vendor.url.bug" value="http://bugreport.sun.com/bugreport/"/>
    <property name="sun.cpu.endian" value="little"/>
    <property name="sun.io.unicode.encoding" value="UnicodeLittle"/>
    <property name="sun.desktop" value="windows"/>
    <property name="sun.cpu.isalist" value="amd64"/>
  </properties>
  <testcase classname="com.junit.exam01.DecoExamTest" name="DecoExamA" time="0.003"/>
  <testcase classname="com.junit.exam01.DecoExamTest" name="DecoExamB" time="0"/>
</testsuite>